[INFO] Server is running on http://localhost:4000
[INFO] [search] requested pageSize=5 location=Praha keywordsLen=15
[INFO] [search] requested pageSize=5 location=Praha keywordsLen=8
[INFO] [search] requested pageSize=5 location=Praha keywordsLen=7
[INFO] [search] requested pageSize=5 location=Praha keywordsLen=7
[INFO] [search] requested pageSize=5 location=Praha keywordsLen=10
[INFO] [search] requested pageSize=5 location=Brno keywordsLen=15
[INFO] [search] requested pageSize=5 location=Brno keywordsLen=8
[INFO] [search] requested pageSize=5 location=Brno keywordsLen=7
[INFO] [search] requested pageSize=5 location=Brno keywordsLen=7
[INFO] [search] requested pageSize=5 location=Brno keywordsLen=10
[INFO] [search] requested pageSize=5 location=Ostrava keywordsLen=15
[INFO] [search] requested pageSize=5 location=Ostrava keywordsLen=8
[INFO] [search] requested pageSize=5 location=Ostrava keywordsLen=7
[INFO] [search] requested pageSize=5 location=Ostrava keywordsLen=7
[INFO] [search] requested pageSize=5 location=Ostrava keywordsLen=10
[INFO] [search] requested pageSize=5 location=Plzeň keywordsLen=15
[INFO] [search] requested pageSize=5 location=Plzeň keywordsLen=8
[INFO] [search] requested pageSize=5 location=Plzeň keywordsLen=7
[INFO] [search] requested pageSize=5 location=Plzeň keywordsLen=7
[INFO] [search] requested pageSize=5 location=Plzeň keywordsLen=10
[INFO] [search] requested pageSize=5 location=Olomouc keywordsLen=15
[INFO] [search] requested pageSize=5 location=Olomouc keywordsLen=8
[INFO] [search] requested pageSize=5 location=Olomouc keywordsLen=7
[INFO] [search] requested pageSize=5 location=Olomouc keywordsLen=7
[INFO] [search] requested pageSize=5 location=Olomouc keywordsLen=10
[INFO] [search] requested pageSize=5 location=Liberec keywordsLen=15
[INFO] [search] requested pageSize=5 location=Liberec keywordsLen=8
[INFO] [search] requested pageSize=5 location=Liberec keywordsLen=7
[INFO] [search] requested pageSize=5 location=Liberec keywordsLen=7
[INFO] [search] requested pageSize=5 location=Liberec keywordsLen=10
[INFO] [search] requested pageSize=5 location=Ústí nad Labem keywordsLen=15
[INFO] [search] requested pageSize=5 location=Ústí nad Labem keywordsLen=8
[INFO] [search] requested pageSize=5 location=Ústí nad Labem keywordsLen=7
[INFO] [search] requested pageSize=5 location=Ústí nad Labem keywordsLen=7
[INFO] [search] requested pageSize=5 location=Ústí nad Labem keywordsLen=10
[INFO] [search] requested pageSize=5 location=Hradec Králové keywordsLen=15
[INFO] [search] requested pageSize=5 location=Hradec Králové keywordsLen=8
[INFO] [search] requested pageSize=5 location=Hradec Králové keywordsLen=7
[INFO] [search] requested pageSize=5 location=Hradec Králové keywordsLen=7
[INFO] [search] requested pageSize=5 location=Hradec Králové keywordsLen=10
[INFO] [search] requested pageSize=5 location=Pardubice keywordsLen=15
[INFO] [search] requested pageSize=5 location=Pardubice keywordsLen=8
[INFO] [search] requested pageSize=5 location=Pardubice keywordsLen=7
[INFO] [search] requested pageSize=5 location=Pardubice keywordsLen=7
[INFO] [search] requested pageSize=5 location=Pardubice keywordsLen=10
[INFO] [search] requested pageSize=5 location=Zlín keywordsLen=15
[INFO] [search] requested pageSize=5 location=Zlín keywordsLen=8
[INFO] [search] requested pageSize=5 location=Zlín keywordsLen=7
[INFO] [search] requested pageSize=5 location=Zlín keywordsLen=7
[INFO] [search] requested pageSize=5 location=Zlín keywordsLen=10
[INFO] [search] requested pageSize=5 location=Praha keywordsLen=7
[INFO] [search] requested pageSize=5 location=Praha keywordsLen=7
[INFO] [search] requested pageSize=5 location=Praha keywordsLen=7
[INFO] [search] requested pageSize=10 location=Praha keywordsLen=7
[INFO] [search] requested pageSize=10 location=Praha keywordsLen=7
[INFO] [search] requested pageSize=10 location=Praha keywordsLen=7
